<?xml version="1.0" encoding="utf-8"?><testsuites name="pytest tests"><testsuite name="pytest" errors="0" failures="0" skipped="0" tests="17" time="0.346" timestamp="2026-07-07T18:18:25.546819+00:00" hostname="agent-env-410f2a01-c270-4371-9008-23302ece6777"><testcase classname="tests.backend_test.TestHealth" name="test_get_state" time="0.007" /><testcase classname="tests.backend_test.TestProfiles" name="test_switch_profile_seeds[lakshmi-Lakshmi]" time="0.005" /><testcase classname="tests.backend_test.TestProfiles" name="test_switch_profile_seeds[suresh-Suresh]" time="0.004" /><testcase classname="tests.backend_test.TestProfiles" name="test_switch_profile_seeds[ramana-Ramana]" time="0.004" /><testcase classname="tests.backend_test.TestProfiles" name="test_suresh_has_farmer_facts" time="0.004" /><testcase classname="tests.backend_test.TestProfiles" name="test_live_profile_switch_ok" time="0.004" /><testcase classname="tests.backend_test.TestSituationDetection" name="test_life_situation_maps_to_schemes[I am a farmer-PM-KISAN]" time="0.007" /><testcase classname="tests.backend_test.TestSituationDetection" name="test_life_situation_maps_to_schemes[my crops failed-KISAN]" time="0.007" /><testcase classname="tests.backend_test.TestSituationDetection" name="test_life_situation_maps_to_schemes[I need a house-hous]" time="0.007" /><testcase classname="tests.backend_test.TestSituationDetection" name="test_life_situation_maps_to_schemes[I need treatment-health]" time="0.007" /><testcase classname="tests.backend_test.TestSituationDetection" name="test_life_situation_maps_to_schemes[I need a scholarship-cholar]" time="0.007" /><testcase classname="tests.backend_test.TestSituationDetection" name="test_unsupported_request_no_hallucination" time="0.007" /><testcase classname="tests.backend_test.TestSureshPMKISANJourney" name="test_full_journey_generates_reference_id" time="0.067" /><testcase classname="tests.backend_test.TestProfileIsolation" name="test_suresh_app_isolated_from_lakshmi" time="0.012" /><testcase classname="tests.backend_test.TestResetPreservesPersona" name="test_reset_keeps_suresh_seeds" time="0.025" /><testcase classname="tests.backend_test.TestResetPreservesPersona" name="test_reset_keeps_lakshmi_seeds" time="0.012" /><testcase classname="tests.backend_test.TestStatusTracking" name="test_track_application_ref" time="0.037" /></testsuite></testsuites>